Using pre-set license
Built from '2020.3/staging' branch; Version is '2020.3.8f1 (507919d4fff5) revision 5273881'; Using compiler version '192528614'; Build Type 'Release'
OS: 'Windows 10 Home Single Language; OS build 19042.1083; Version 2009; 64bit' Language: 'en' Physical Memory: 8034 MB
BatchMode: 1, IsHumanControllingUs: 0, StartBugReporterOnCrash: 0, Is64bit: 1, IsPro: 0

 COMMAND LINE ARGUMENTS:
D:\aps\unity\unity\2020.3.8f1\Editor\Unity.exe
-adb2
-batchMode
-noUpm
-name
AssetImportWorker0
-projectPath
D:/aps/unity/unity/projects/DinoGame
-logFile
Logs/AssetImportWorker0.log
-srvPort
61468
Successfully changed project path to: D:/aps/unity/unity/projects/DinoGame
D:/aps/unity/unity/projects/DinoGame
Using Asset Import Pipeline V2.
Refreshing native plugins compatible for Editor in 79.63 ms, found 1 plugins.
Preloading 0 native plugins for Editor in 0.00 ms.
Initialize engine version: 2020.3.8f1 (507919d4fff5)
[Subsystems] Discovering subsystems at path D:/aps/unity/unity/2020.3.8f1/Editor/Data/Resources/UnitySubsystems
[Subsystems] Discovering subsystems at path D:/aps/unity/unity/projects/DinoGame/Assets
GfxDevice: creating device client; threaded=0
Direct3D:
    Version:  Direct3D 11.0 [level 11.1]
    Renderer: NVIDIA GeForce GTX 1650 (ID=0x1f91)
    Vendor:   
    VRAM:     3962 MB
    Driver:   27.21.14.5167
Initialize mono
Mono path[0] = 'D:/aps/unity/unity/2020.3.8f1/Editor/Data/Managed'
Mono path[1] = 'D:/aps/unity/unity/2020.3.8f1/Editor/Data/MonoBleedingEdge/lib/mono/unityjit'
Mono config path = 'D:/aps/unity/unity/2020.3.8f1/Editor/Data/MonoBleedingEdge/etc'
Using monoOptions --debugger-agent=transport=dt_socket,embedding=1,server=y,suspend=n,address=127.0.0.1:56600
Begin MonoManager ReloadAssembly
Registering precompiled unity dll's ...
Register platform support module: D:/aps/unity/unity/2020.3.8f1/Editor/Data/PlaybackEngines/WebGLSupport/UnityEditor.WebGL.Extensions.dll
Register platform support module: D:/aps/unity/unity/2020.3.8f1/Editor/Data/PlaybackEngines/WindowsStandaloneSupport/UnityEditor.WindowsStandalone.Extensions.dll
Registered in 0.001117 seconds.
Native extension for WindowsStandalone target not found
Native extension for WebGL target not found
Refreshing native plugins compatible for Editor in 33.51 ms, found 1 plugins.
Preloading 0 native plugins for Editor in 0.00 ms.
Mono: successfully reloaded assembly
- Completed reload, in  4.552 seconds
Platform modules already initialized, skipping
Registering precompiled user dll's ...
Registered in 0.000651 seconds.
Begin MonoManager ReloadAssembly
Native extension for WindowsStandalone target not found
Native extension for WebGL target not found
Refreshing native plugins compatible for Editor in 34.03 ms, found 1 plugins.
Preloading 0 native plugins for Editor in 0.00 ms.
Mono: successfully reloaded assembly
- Completed reload, in  0.848 seconds
Platform modules already initialized, skipping
========================================================================
Worker process is ready to serve import requests
Launched and connected shader compiler UnityShaderCompiler.exe after 0.14 seconds
Refreshing native plugins compatible for Editor in 0.61 ms, found 1 plugins.
Preloading 0 native plugins for Editor in 0.00 ms.
Unloading 1808 Unused Serialized files (Serialized files now loaded: 0)
System memory in use before: 84.9 MB.
System memory in use after: 84.8 MB.

Unloading 24 unused Assets to reduce memory usage. Loaded Objects now: 2250.
Total: 2.043200 ms (FindLiveObjects: 0.178800 ms CreateObjectMapping: 0.055900 ms MarkObjects: 1.641800 ms  DeleteObjects: 0.165700 ms)

========================================================================
Received Import Request.
  path: Assets/sprites
  artifactKey: Guid(1b2239b65f08ce7469bb6d495764490d) Importer(815301076,1909f56bfc062723c751e8b465ee728b)
Start importing Assets/sprites using Guid(1b2239b65f08ce7469bb6d495764490d) Importer(815301076,1909f56bfc062723c751e8b465ee728b)  -> (artifact id: '3350779c134426f8a56613278de32615') in 0.008855 seconds
  Import took 0.079960 seconds .

========================================================================
Received Import Request.
  Time since last request: 6.202049 seconds.
  path: Assets/sprites/Ground.png
  artifactKey: Guid(d1422f83cbe6f94408570c814c96543d) Importer(815301076,1909f56bfc062723c751e8b465ee728b)
Start importing Assets/sprites/Ground.png using Guid(d1422f83cbe6f94408570c814c96543d) Importer(815301076,1909f56bfc062723c751e8b465ee728b)  -> (artifact id: 'bd0348d4eefbf31f41a1aa331b26addd') in 0.115405 seconds
  Import took 0.152660 seconds .

========================================================================
Received Import Request.
  Time since last request: 0.000248 seconds.
  path: Assets/sprites/Clouds.png
  artifactKey: Guid(5a32615c9c45cf648bcfdece8683e805) Importer(815301076,1909f56bfc062723c751e8b465ee728b)
Start importing Assets/sprites/Clouds.png using Guid(5a32615c9c45cf648bcfdece8683e805) Importer(815301076,1909f56bfc062723c751e8b465ee728b)  -> (artifact id: 'a6d89535059a3f9c309b8d0500a0fd6d') in 0.023383 seconds
  Import took 0.054638 seconds .

========================================================================
Received Import Request.
  Time since last request: 0.000274 seconds.
  path: Assets/sprites/Ground.png
  artifactKey: Guid(d1422f83cbe6f94408570c814c96543d) Importer(815301076,1909f56bfc062723c751e8b465ee728b)
Start importing Assets/sprites/Ground.png using Guid(d1422f83cbe6f94408570c814c96543d) Importer(815301076,1909f56bfc062723c751e8b465ee728b)  -> (artifact id: 'bd0348d4eefbf31f41a1aa331b26addd') in 0.010012 seconds
  Import took 0.027812 seconds .

========================================================================
Received Import Request.
  Time since last request: 145.892964 seconds.
  path: Assets
  artifactKey: Guid(00000000000000001000000000000000) Importer(815301076,1909f56bfc062723c751e8b465ee728b)
Start importing Assets using Guid(00000000000000001000000000000000) Importer(815301076,1909f56bfc062723c751e8b465ee728b)  -> (artifact id: '42d402b061de3733987d63b9cc3b64de') in 0.011477 seconds
  Import took 0.197997 seconds .

========================================================================
Received Import Request.
  Time since last request: 4.647644 seconds.
  path: Assets/NewBehaviourScript.cs
  artifactKey: Guid(8e992bc7bff655e449f5658342460482) Importer(815301076,1909f56bfc062723c751e8b465ee728b)
Start importing Assets/NewBehaviourScript.cs using Guid(8e992bc7bff655e449f5658342460482) Importer(815301076,1909f56bfc062723c751e8b465ee728b)  -> (artifact id: '72a2891d3f366e508d22a094dc801518') in 0.012861 seconds
  Import took 0.033877 seconds .

========================================================================
Received Prepare
Registering precompiled user dll's ...
Registered in 0.000619 seconds.
Begin MonoManager ReloadAssembly
Native extension for WindowsStandalone target not found
Native extension for WebGL target not found
Refreshing native plugins compatible for Editor in 0.36 ms, found 1 plugins.
Preloading 0 native plugins for Editor in 0.00 ms.
Mono: successfully reloaded assembly
- Completed reload, in  0.848 seconds
Platform modules already initialized, skipping
Refreshing native plugins compatible for Editor in 0.33 ms, found 1 plugins.
Preloading 0 native plugins for Editor in 0.00 ms.
Unloading 1804 Unused Serialized files (Serialized files now loaded: 0)
System memory in use before: 87.9 MB.
System memory in use after: 87.9 MB.

Unloading 12 unused Assets to reduce memory usage. Loaded Objects now: 2263.
Total: 2.487800 ms (FindLiveObjects: 0.256300 ms CreateObjectMapping: 0.097700 ms MarkObjects: 2.016100 ms  DeleteObjects: 0.116600 ms)

========================================================================
Received Prepare
Registering precompiled user dll's ...
Registered in 0.000615 seconds.
Begin MonoManager ReloadAssembly
Native extension for WindowsStandalone target not found
Native extension for WebGL target not found
Refreshing native plugins compatible for Editor in 0.32 ms, found 1 plugins.
Preloading 0 native plugins for Editor in 0.00 ms.
Mono: successfully reloaded assembly
- Completed reload, in  0.771 seconds
Platform modules already initialized, skipping
Refreshing native plugins compatible for Editor in 0.33 ms, found 1 plugins.
Preloading 0 native plugins for Editor in 0.00 ms.
Unloading 1804 Unused Serialized files (Serialized files now loaded: 0)
System memory in use before: 87.9 MB.
System memory in use after: 87.9 MB.

Unloading 12 unused Assets to reduce memory usage. Loaded Objects now: 2267.
Total: 2.003100 ms (FindLiveObjects: 0.154100 ms CreateObjectMapping: 0.056200 ms MarkObjects: 1.702900 ms  DeleteObjects: 0.089000 ms)

========================================================================
Received Prepare
Registering precompiled user dll's ...
Registered in 0.000666 seconds.
Begin MonoManager ReloadAssembly
Native extension for WindowsStandalone target not found
Native extension for WebGL target not found
Refreshing native plugins compatible for Editor in 0.34 ms, found 1 plugins.
Preloading 0 native plugins for Editor in 0.00 ms.
Mono: successfully reloaded assembly
- Completed reload, in  0.823 seconds
Platform modules already initialized, skipping
Refreshing native plugins compatible for Editor in 0.35 ms, found 1 plugins.
Preloading 0 native plugins for Editor in 0.00 ms.
Unloading 1804 Unused Serialized files (Serialized files now loaded: 0)
System memory in use before: 88.0 MB.
System memory in use after: 87.9 MB.

Unloading 13 unused Assets to reduce memory usage. Loaded Objects now: 2271.
Total: 1.982200 ms (FindLiveObjects: 0.152400 ms CreateObjectMapping: 0.055600 ms MarkObjects: 1.678200 ms  DeleteObjects: 0.095000 ms)

========================================================================
Received Import Request.
  Time since last request: 38.535424 seconds.
  path: Assets/scripts
  artifactKey: Guid(ad23381112286ae48aa6460d2cf4098e) Importer(815301076,1909f56bfc062723c751e8b465ee728b)
Start importing Assets/scripts using Guid(ad23381112286ae48aa6460d2cf4098e) Importer(815301076,1909f56bfc062723c751e8b465ee728b)  -> (artifact id: '51bfe50cddaa18fdaf9725242ec0c384') in 0.054638 seconds
  Import took 0.079357 seconds .

========================================================================
Received Import Request.
  Time since last request: 2.305418 seconds.
  path: Assets/scripts/NewBehaviourScript.cs
  artifactKey: Guid(e86d7f3b7c07c9a4ab9011821d55e73a) Importer(815301076,1909f56bfc062723c751e8b465ee728b)
Start importing Assets/scripts/NewBehaviourScript.cs using Guid(e86d7f3b7c07c9a4ab9011821d55e73a) Importer(815301076,1909f56bfc062723c751e8b465ee728b)  -> (artifact id: '8c6a80ae47419e8e91077c9afa26cb9d') in 0.002888 seconds
  Import took 0.100466 seconds .

========================================================================
Received Import Request.
  Time since last request: 31.939755 seconds.
  path: Assets/scripts/move.cs
  artifactKey: Guid(e86d7f3b7c07c9a4ab9011821d55e73a) Importer(815301076,1909f56bfc062723c751e8b465ee728b)
Start importing Assets/scripts/move.cs using Guid(e86d7f3b7c07c9a4ab9011821d55e73a) Importer(815301076,1909f56bfc062723c751e8b465ee728b)  -> (artifact id: '7a9284cce1f5f1392cd9689118ccd221') in 0.010497 seconds
  Import took 0.018482 seconds .

========================================================================
Received Prepare
Registering precompiled user dll's ...
Registered in 0.000713 seconds.
Begin MonoManager ReloadAssembly
Native extension for WindowsStandalone target not found
Native extension for WebGL target not found
Refreshing native plugins compatible for Editor in 0.97 ms, found 1 plugins.
Preloading 0 native plugins for Editor in 0.00 ms.
Mono: successfully reloaded assembly
- Completed reload, in  1.003 seconds
Platform modules already initialized, skipping
Refreshing native plugins compatible for Editor in 0.46 ms, found 1 plugins.
Preloading 0 native plugins for Editor in 0.00 ms.
Unloading 1804 Unused Serialized files (Serialized files now loaded: 0)
System memory in use before: 88.0 MB.
System memory in use after: 88.0 MB.

Unloading 12 unused Assets to reduce memory usage. Loaded Objects now: 2275.
Total: 1.943300 ms (FindLiveObjects: 0.161200 ms CreateObjectMapping: 0.059000 ms MarkObjects: 1.628200 ms  DeleteObjects: 0.094000 ms)

========================================================================
Received Import Request.
  Time since last request: 780.964356 seconds.
  path: Assets/sprites/Materials
  artifactKey: Guid(a91519c77a40d8744a09ba3eb83b5c5f) Importer(815301076,1909f56bfc062723c751e8b465ee728b)
Start importing Assets/sprites/Materials using Guid(a91519c77a40d8744a09ba3eb83b5c5f) Importer(815301076,1909f56bfc062723c751e8b465ee728b)  -> (artifact id: '8923ef760c5dcd6bf5fa9dada685dffb') in 1.703881 seconds
  Import took 1.747729 seconds .

========================================================================
Received Prepare
Registering precompiled user dll's ...
Registered in 0.014637 seconds.
Begin MonoManager ReloadAssembly
Native extension for WindowsStandalone target not found
Native extension for WebGL target not found
Refreshing native plugins compatible for Editor in 0.31 ms, found 1 plugins.
Preloading 0 native plugins for Editor in 0.00 ms.
Mono: successfully reloaded assembly
- Completed reload, in  0.749 seconds
Platform modules already initialized, skipping
Refreshing native plugins compatible for Editor in 0.30 ms, found 1 plugins.
Preloading 0 native plugins for Editor in 0.00 ms.
Unloading 1804 Unused Serialized files (Serialized files now loaded: 0)
System memory in use before: 88.0 MB.
System memory in use after: 88.0 MB.

Unloading 12 unused Assets to reduce memory usage. Loaded Objects now: 2279.
Total: 2.062900 ms (FindLiveObjects: 0.181100 ms CreateObjectMapping: 0.052400 ms MarkObjects: 1.726300 ms  DeleteObjects: 0.102200 ms)

========================================================================
Received Prepare
Registering precompiled user dll's ...
Registered in 0.000643 seconds.
Begin MonoManager ReloadAssembly
Native extension for WindowsStandalone target not found
Native extension for WebGL target not found
Refreshing native plugins compatible for Editor in 0.36 ms, found 1 plugins.
Preloading 0 native plugins for Editor in 0.00 ms.
Mono: successfully reloaded assembly
- Completed reload, in  0.808 seconds
Platform modules already initialized, skipping
Refreshing native plugins compatible for Editor in 0.33 ms, found 1 plugins.
Preloading 0 native plugins for Editor in 0.00 ms.
Unloading 1804 Unused Serialized files (Serialized files now loaded: 0)
System memory in use before: 88.0 MB.
System memory in use after: 88.0 MB.

Unloading 12 unused Assets to reduce memory usage. Loaded Objects now: 2283.
Total: 2.281200 ms (FindLiveObjects: 0.170400 ms CreateObjectMapping: 0.081500 ms MarkObjects: 1.925200 ms  DeleteObjects: 0.103000 ms)

========================================================================
Received Prepare
Registering precompiled user dll's ...
Registered in 0.000728 seconds.
Begin MonoManager ReloadAssembly
Native extension for WindowsStandalone target not found
Native extension for WebGL target not found
Refreshing native plugins compatible for Editor in 0.34 ms, found 1 plugins.
Preloading 0 native plugins for Editor in 0.00 ms.
Mono: successfully reloaded assembly
- Completed reload, in  0.787 seconds
Platform modules already initialized, skipping
Refreshing native plugins compatible for Editor in 0.31 ms, found 1 plugins.
Preloading 0 native plugins for Editor in 0.00 ms.
Unloading 1804 Unused Serialized files (Serialized files now loaded: 0)
System memory in use before: 88.0 MB.
System memory in use after: 88.0 MB.

Unloading 12 unused Assets to reduce memory usage. Loaded Objects now: 2287.
Total: 1.855900 ms (FindLiveObjects: 0.157900 ms CreateObjectMapping: 0.060600 ms MarkObjects: 1.541300 ms  DeleteObjects: 0.095200 ms)

========================================================================
Received Prepare
Registering precompiled user dll's ...
Registered in 0.000637 seconds.
Begin MonoManager ReloadAssembly
Native extension for WindowsStandalone target not found
Native extension for WebGL target not found
Refreshing native plugins compatible for Editor in 0.47 ms, found 1 plugins.
Preloading 0 native plugins for Editor in 0.00 ms.
Mono: successfully reloaded assembly
- Completed reload, in  0.902 seconds
Platform modules already initialized, skipping
Refreshing native plugins compatible for Editor in 0.80 ms, found 1 plugins.
Preloading 0 native plugins for Editor in 0.00 ms.
Unloading 1804 Unused Serialized files (Serialized files now loaded: 0)
System memory in use before: 88.0 MB.
System memory in use after: 88.0 MB.

Unloading 12 unused Assets to reduce memory usage. Loaded Objects now: 2291.
Total: 3.616400 ms (FindLiveObjects: 0.746500 ms CreateObjectMapping: 0.116400 ms MarkObjects: 2.635100 ms  DeleteObjects: 0.115200 ms)

========================================================================
Received Import Request.
  Time since last request: 535.602456 seconds.
  path: Assets/sprites/Clouds.png
  artifactKey: Guid(5a32615c9c45cf648bcfdece8683e805) Importer(815301076,1909f56bfc062723c751e8b465ee728b)
Start importing Assets/sprites/Clouds.png using Guid(5a32615c9c45cf648bcfdece8683e805) Importer(815301076,1909f56bfc062723c751e8b465ee728b)  -> (artifact id: '87d9c21d0d90144a9efc135a4cf2a8e6') in 0.237099 seconds
  Import took 0.255753 seconds .

========================================================================
Received Prepare
Registering precompiled user dll's ...
Registered in 0.000710 seconds.
Begin MonoManager ReloadAssembly
Native extension for WindowsStandalone target not found
Native extension for WebGL target not found
Refreshing native plugins compatible for Editor in 0.33 ms, found 1 plugins.
Preloading 0 native plugins for Editor in 0.00 ms.
Mono: successfully reloaded assembly
- Completed reload, in  0.821 seconds
Platform modules already initialized, skipping
Refreshing native plugins compatible for Editor in 0.36 ms, found 1 plugins.
Preloading 0 native plugins for Editor in 0.00 ms.
Unloading 1804 Unused Serialized files (Serialized files now loaded: 0)
System memory in use before: 88.0 MB.
System memory in use after: 88.0 MB.

Unloading 12 unused Assets to reduce memory usage. Loaded Objects now: 2296.
Total: 1.933300 ms (FindLiveObjects: 0.154200 ms CreateObjectMapping: 0.053600 ms MarkObjects: 1.625900 ms  DeleteObjects: 0.098700 ms)

========================================================================
Received Import Request.
  Time since last request: 200.494333 seconds.
  path: Assets/sprites/Materials/Clouds.mat
  artifactKey: Guid(cf6d5afc0458cb94aa4592860856ccfc) Importer(815301076,1909f56bfc062723c751e8b465ee728b)
Start importing Assets/sprites/Materials/Clouds.mat using Guid(cf6d5afc0458cb94aa4592860856ccfc) Importer(815301076,1909f56bfc062723c751e8b465ee728b)  -> (artifact id: '019bbff39f9308abe49fd9cd88434e4f') in 0.431895 seconds
  Import took 0.454549 seconds .

========================================================================
Received Import Request.
  Time since last request: 10.606226 seconds.
  path: Assets/sprites/Materials/Ground.mat
  artifactKey: Guid(059c7f0cba8a1284b9b30618d0be91ab) Importer(815301076,1909f56bfc062723c751e8b465ee728b)
Start importing Assets/sprites/Materials/Ground.mat using Guid(059c7f0cba8a1284b9b30618d0be91ab) Importer(815301076,1909f56bfc062723c751e8b465ee728b)  -> (artifact id: 'eb3e9a54aa1c4ec5b54fc3380d789432') in 0.041874 seconds
  Import took 0.055045 seconds .

========================================================================
Received Prepare
Registering precompiled user dll's ...
Registered in 0.010266 seconds.
Begin MonoManager ReloadAssembly
Native extension for WindowsStandalone target not found
Native extension for WebGL target not found
Refreshing native plugins compatible for Editor in 0.52 ms, found 1 plugins.
Preloading 0 native plugins for Editor in 0.00 ms.
Mono: successfully reloaded assembly
- Completed reload, in  1.331 seconds
Platform modules already initialized, skipping
Refreshing native plugins compatible for Editor in 1.08 ms, found 1 plugins.
Preloading 0 native plugins for Editor in 0.00 ms.
Unloading 1804 Unused Serialized files (Serialized files now loaded: 0)
System memory in use before: 88.3 MB.
System memory in use after: 88.3 MB.

Unloading 12 unused Assets to reduce memory usage. Loaded Objects now: 2339.
Total: 4.320700 ms (FindLiveObjects: 0.406000 ms CreateObjectMapping: 0.095600 ms MarkObjects: 3.372100 ms  DeleteObjects: 0.445500 ms)

========================================================================
Received Prepare
Registering precompiled user dll's ...
Registered in 0.000673 seconds.
Begin MonoManager ReloadAssembly
Native extension for WindowsStandalone target not found
Native extension for WebGL target not found
Refreshing native plugins compatible for Editor in 0.33 ms, found 1 plugins.
Preloading 0 native plugins for Editor in 0.00 ms.
Mono: successfully reloaded assembly
- Completed reload, in  0.816 seconds
Platform modules already initialized, skipping
Refreshing native plugins compatible for Editor in 0.33 ms, found 1 plugins.
Preloading 0 native plugins for Editor in 0.00 ms.
Unloading 1804 Unused Serialized files (Serialized files now loaded: 0)
System memory in use before: 88.3 MB.
System memory in use after: 88.3 MB.

Unloading 12 unused Assets to reduce memory usage. Loaded Objects now: 2343.
Total: 1.957300 ms (FindLiveObjects: 0.167900 ms CreateObjectMapping: 0.059800 ms MarkObjects: 1.630000 ms  DeleteObjects: 0.098600 ms)

========================================================================
Received Prepare
Registering precompiled user dll's ...
Registered in 0.000826 seconds.
Begin MonoManager ReloadAssembly
Native extension for WindowsStandalone target not found
Native extension for WebGL target not found
Refreshing native plugins compatible for Editor in 0.33 ms, found 1 plugins.
Preloading 0 native plugins for Editor in 0.00 ms.
Mono: successfully reloaded assembly
- Completed reload, in  0.771 seconds
Platform modules already initialized, skipping
Refreshing native plugins compatible for Editor in 0.33 ms, found 1 plugins.
Preloading 0 native plugins for Editor in 0.00 ms.
Unloading 1804 Unused Serialized files (Serialized files now loaded: 0)
System memory in use before: 88.3 MB.
System memory in use after: 88.3 MB.

Unloading 12 unused Assets to reduce memory usage. Loaded Objects now: 2347.
Total: 2.218000 ms (FindLiveObjects: 0.184200 ms CreateObjectMapping: 0.053900 ms MarkObjects: 1.834000 ms  DeleteObjects: 0.145000 ms)

========================================================================
Received Prepare
Registering precompiled user dll's ...
Registered in 0.000693 seconds.
Begin MonoManager ReloadAssembly
Native extension for WindowsStandalone target not found
Native extension for WebGL target not found
Refreshing native plugins compatible for Editor in 0.41 ms, found 1 plugins.
Preloading 0 native plugins for Editor in 0.00 ms.
Mono: successfully reloaded assembly
- Completed reload, in  0.777 seconds
Platform modules already initialized, skipping
Refreshing native plugins compatible for Editor in 0.31 ms, found 1 plugins.
Preloading 0 native plugins for Editor in 0.00 ms.
Unloading 1804 Unused Serialized files (Serialized files now loaded: 0)
System memory in use before: 88.3 MB.
System memory in use after: 88.3 MB.

Unloading 12 unused Assets to reduce memory usage. Loaded Objects now: 2351.
Total: 2.285300 ms (FindLiveObjects: 0.186700 ms CreateObjectMapping: 0.052000 ms MarkObjects: 1.945700 ms  DeleteObjects: 0.100000 ms)

========================================================================
Received Prepare
Registering precompiled user dll's ...
Registered in 0.000918 seconds.
Begin MonoManager ReloadAssembly
Native extension for WindowsStandalone target not found
Native extension for WebGL target not found
Refreshing native plugins compatible for Editor in 0.34 ms, found 1 plugins.
Preloading 0 native plugins for Editor in 0.00 ms.
Mono: successfully reloaded assembly
- Completed reload, in  0.777 seconds
Platform modules already initialized, skipping
Refreshing native plugins compatible for Editor in 0.33 ms, found 1 plugins.
Preloading 0 native plugins for Editor in 0.00 ms.
Unloading 1804 Unused Serialized files (Serialized files now loaded: 0)
System memory in use before: 88.4 MB.
System memory in use after: 88.3 MB.

Unloading 12 unused Assets to reduce memory usage. Loaded Objects now: 2355.
Total: 2.267000 ms (FindLiveObjects: 0.193000 ms CreateObjectMapping: 0.058300 ms MarkObjects: 1.909600 ms  DeleteObjects: 0.105300 ms)

========================================================================
Received Prepare
Registering precompiled user dll's ...
Registered in 0.000714 seconds.
Begin MonoManager ReloadAssembly
Native extension for WindowsStandalone target not found
Native extension for WebGL target not found
Refreshing native plugins compatible for Editor in 0.33 ms, found 1 plugins.
Preloading 0 native plugins for Editor in 0.00 ms.
Mono: successfully reloaded assembly
- Completed reload, in  0.769 seconds
Platform modules already initialized, skipping
Refreshing native plugins compatible for Editor in 0.41 ms, found 1 plugins.
Preloading 0 native plugins for Editor in 0.00 ms.
Unloading 1804 Unused Serialized files (Serialized files now loaded: 0)
System memory in use before: 88.4 MB.
System memory in use after: 88.3 MB.

Unloading 12 unused Assets to reduce memory usage. Loaded Objects now: 2359.
Total: 2.152800 ms (FindLiveObjects: 0.175900 ms CreateObjectMapping: 0.058800 ms MarkObjects: 1.817300 ms  DeleteObjects: 0.100100 ms)

========================================================================
Received Prepare
Registering precompiled user dll's ...
Registered in 0.000664 seconds.
Begin MonoManager ReloadAssembly
Native extension for WindowsStandalone target not found
Native extension for WebGL target not found
Refreshing native plugins compatible for Editor in 0.35 ms, found 1 plugins.
Preloading 0 native plugins for Editor in 0.00 ms.
Mono: successfully reloaded assembly
- Completed reload, in  0.801 seconds
Platform modules already initialized, skipping
Refreshing native plugins compatible for Editor in 0.37 ms, found 1 plugins.
Preloading 0 native plugins for Editor in 0.00 ms.
Unloading 1804 Unused Serialized files (Serialized files now loaded: 0)
System memory in use before: 88.4 MB.
System memory in use after: 88.4 MB.

Unloading 12 unused Assets to reduce memory usage. Loaded Objects now: 2363.
Total: 2.018500 ms (FindLiveObjects: 0.191600 ms CreateObjectMapping: 0.058900 ms MarkObjects: 1.664100 ms  DeleteObjects: 0.103000 ms)

========================================================================
Received Prepare
Registering precompiled user dll's ...
Registered in 0.000737 seconds.
Begin MonoManager ReloadAssembly
Native extension for WindowsStandalone target not found
Native extension for WebGL target not found
Refreshing native plugins compatible for Editor in 0.33 ms, found 1 plugins.
Preloading 0 native plugins for Editor in 0.00 ms.
Mono: successfully reloaded assembly
- Completed reload, in  0.758 seconds
Platform modules already initialized, skipping
Refreshing native plugins compatible for Editor in 0.32 ms, found 1 plugins.
Preloading 0 native plugins for Editor in 0.00 ms.
Unloading 1804 Unused Serialized files (Serialized files now loaded: 0)
System memory in use before: 88.4 MB.
System memory in use after: 88.4 MB.

Unloading 12 unused Assets to reduce memory usage. Loaded Objects now: 2367.
Total: 2.056900 ms (FindLiveObjects: 0.188400 ms CreateObjectMapping: 0.055300 ms MarkObjects: 1.714700 ms  DeleteObjects: 0.097600 ms)

========================================================================
Received Prepare
Registering precompiled user dll's ...
Registered in 0.120080 seconds.
Begin MonoManager ReloadAssembly
Native extension for WindowsStandalone target not found
Native extension for WebGL target not found
Refreshing native plugins compatible for Editor in 0.34 ms, found 1 plugins.
Preloading 0 native plugins for Editor in 0.00 ms.
Mono: successfully reloaded assembly
- Completed reload, in  1.451 seconds
Platform modules already initialized, skipping
Refreshing native plugins compatible for Editor in 0.40 ms, found 1 plugins.
Preloading 0 native plugins for Editor in 0.00 ms.
Unloading 1804 Unused Serialized files (Serialized files now loaded: 0)
System memory in use before: 88.4 MB.
System memory in use after: 88.4 MB.

Unloading 12 unused Assets to reduce memory usage. Loaded Objects now: 2371.
Total: 2.087400 ms (FindLiveObjects: 0.177200 ms CreateObjectMapping: 0.067200 ms MarkObjects: 1.739100 ms  DeleteObjects: 0.102900 ms)

========================================================================
Received Import Request.
  Time since last request: 3729.490373 seconds.
  path: Assets/sprites/Ground.png
  artifactKey: Guid(d1422f83cbe6f94408570c814c96543d) Importer(815301076,1909f56bfc062723c751e8b465ee728b)
Start importing Assets/sprites/Ground.png using Guid(d1422f83cbe6f94408570c814c96543d) Importer(815301076,1909f56bfc062723c751e8b465ee728b)  -> (artifact id: 'ac5b891e962e87b69270043fbfdc77e9') in 0.156163 seconds
  Import took 0.185861 seconds .

========================================================================
Received Prepare
Registering precompiled user dll's ...
Registered in 0.000762 seconds.
Begin MonoManager ReloadAssembly
Native extension for WindowsStandalone target not found
Native extension for WebGL target not found
Refreshing native plugins compatible for Editor in 0.34 ms, found 1 plugins.
Preloading 0 native plugins for Editor in 0.00 ms.
Mono: successfully reloaded assembly
- Completed reload, in  0.874 seconds
Platform modules already initialized, skipping
Refreshing native plugins compatible for Editor in 0.34 ms, found 1 plugins.
Preloading 0 native plugins for Editor in 0.00 ms.
Unloading 1804 Unused Serialized files (Serialized files now loaded: 0)
System memory in use before: 88.4 MB.
System memory in use after: 88.4 MB.

Unloading 12 unused Assets to reduce memory usage. Loaded Objects now: 2378.
Total: 2.276000 ms (FindLiveObjects: 0.251000 ms CreateObjectMapping: 0.056100 ms MarkObjects: 1.821700 ms  DeleteObjects: 0.146000 ms)

========================================================================
Received Prepare
Registering precompiled user dll's ...
Registered in 0.000716 seconds.
Begin MonoManager ReloadAssembly
Native extension for WindowsStandalone target not found
Native extension for WebGL target not found
Refreshing native plugins compatible for Editor in 0.32 ms, found 1 plugins.
Preloading 0 native plugins for Editor in 0.00 ms.
Mono: successfully reloaded assembly
- Completed reload, in  0.770 seconds
Platform modules already initialized, skipping
Refreshing native plugins compatible for Editor in 0.38 ms, found 1 plugins.
Preloading 0 native plugins for Editor in 0.00 ms.
Unloading 1804 Unused Serialized files (Serialized files now loaded: 0)
System memory in use before: 88.4 MB.
System memory in use after: 88.4 MB.

Unloading 12 unused Assets to reduce memory usage. Loaded Objects now: 2382.
Total: 4.041700 ms (FindLiveObjects: 0.212400 ms CreateObjectMapping: 0.066800 ms MarkObjects: 3.604000 ms  DeleteObjects: 0.156100 ms)

========================================================================
Received Import Request.
  Time since last request: 297.193468 seconds.
  path: Assets/Scenes
  artifactKey: Guid(e4015b46ff9f2a4419263b6ba9dd47a9) Importer(815301076,1909f56bfc062723c751e8b465ee728b)
Start importing Assets/Scenes using Guid(e4015b46ff9f2a4419263b6ba9dd47a9) Importer(815301076,1909f56bfc062723c751e8b465ee728b)  -> (artifact id: '97956ce00db58b51894d500ed44cb8a3') in 0.012839 seconds
  Import took 0.038682 seconds .

========================================================================
Received Prepare
Registering precompiled user dll's ...
Registered in 0.002534 seconds.
Begin MonoManager ReloadAssembly
Native extension for WindowsStandalone target not found
Native extension for WebGL target not found
Refreshing native plugins compatible for Editor in 0.35 ms, found 1 plugins.
Preloading 0 native plugins for Editor in 0.00 ms.
Mono: successfully reloaded assembly
- Completed reload, in  0.794 seconds
Platform modules already initialized, skipping
Refreshing native plugins compatible for Editor in 0.36 ms, found 1 plugins.
Preloading 0 native plugins for Editor in 0.00 ms.
Unloading 1804 Unused Serialized files (Serialized files now loaded: 0)
System memory in use before: 88.4 MB.
System memory in use after: 88.4 MB.

Unloading 12 unused Assets to reduce memory usage. Loaded Objects now: 2386.
Total: 2.289800 ms (FindLiveObjects: 0.200700 ms CreateObjectMapping: 0.076500 ms MarkObjects: 1.894400 ms  DeleteObjects: 0.117100 ms)

========================================================================
Received Prepare
Registering precompiled user dll's ...
Registered in 0.000676 seconds.
Begin MonoManager ReloadAssembly
Native extension for WindowsStandalone target not found
Native extension for WebGL target not found
Refreshing native plugins compatible for Editor in 0.42 ms, found 1 plugins.
Preloading 0 native plugins for Editor in 0.00 ms.
Mono: successfully reloaded assembly
- Completed reload, in  0.966 seconds
Platform modules already initialized, skipping
Refreshing native plugins compatible for Editor in 0.43 ms, found 1 plugins.
Preloading 0 native plugins for Editor in 0.00 ms.
Unloading 1804 Unused Serialized files (Serialized files now loaded: 0)
System memory in use before: 88.4 MB.
System memory in use after: 88.4 MB.

Unloading 12 unused Assets to reduce memory usage. Loaded Objects now: 2390.
Total: 2.659000 ms (FindLiveObjects: 0.311600 ms CreateObjectMapping: 0.136800 ms MarkObjects: 2.095500 ms  DeleteObjects: 0.114200 ms)

========================================================================
Received Prepare
Registering precompiled user dll's ...
Registered in 0.001093 seconds.
Begin MonoManager ReloadAssembly
Native extension for WindowsStandalone target not found
Native extension for WebGL target not found
Refreshing native plugins compatible for Editor in 0.34 ms, found 1 plugins.
Preloading 0 native plugins for Editor in 0.00 ms.
Mono: successfully reloaded assembly
- Completed reload, in  0.967 seconds
Platform modules already initialized, skipping
Refreshing native plugins compatible for Editor in 0.44 ms, found 1 plugins.
Preloading 0 native plugins for Editor in 0.00 ms.
Unloading 1804 Unused Serialized files (Serialized files now loaded: 0)
System memory in use before: 88.5 MB.
System memory in use after: 88.4 MB.

Unloading 12 unused Assets to reduce memory usage. Loaded Objects now: 2394.
Total: 2.191400 ms (FindLiveObjects: 0.200600 ms CreateObjectMapping: 0.060100 ms MarkObjects: 1.828800 ms  DeleteObjects: 0.100900 ms)

========================================================================
Received Prepare
Registering precompiled user dll's ...
Registered in 0.000873 seconds.
Begin MonoManager ReloadAssembly
Native extension for WindowsStandalone target not found
Native extension for WebGL target not found
Refreshing native plugins compatible for Editor in 0.81 ms, found 1 plugins.
Preloading 0 native plugins for Editor in 0.00 ms.
Mono: successfully reloaded assembly
- Completed reload, in  1.281 seconds
Platform modules already initialized, skipping
Refreshing native plugins compatible for Editor in 0.82 ms, found 1 plugins.
Preloading 0 native plugins for Editor in 0.00 ms.
Unloading 1804 Unused Serialized files (Serialized files now loaded: 0)
System memory in use before: 88.5 MB.
System memory in use after: 88.4 MB.

Unloading 12 unused Assets to reduce memory usage. Loaded Objects now: 2398.
Total: 4.921100 ms (FindLiveObjects: 0.939900 ms CreateObjectMapping: 0.105400 ms MarkObjects: 3.719800 ms  DeleteObjects: 0.151300 ms)

========================================================================
Received Import Request.
  Time since last request: 486.220150 seconds.
  path: Assets/sprites/Clouds.png
  artifactKey: Guid(5a32615c9c45cf648bcfdece8683e805) Importer(815301076,1909f56bfc062723c751e8b465ee728b)
Start importing Assets/sprites/Clouds.png using Guid(5a32615c9c45cf648bcfdece8683e805) Importer(815301076,1909f56bfc062723c751e8b465ee728b)  -> (artifact id: 'ebb6a09216c109a1c6cd5657eb630719') in 0.112600 seconds
  Import took 0.212599 seconds .

========================================================================
Received Prepare
Registering precompiled user dll's ...
Registered in 0.000790 seconds.
Begin MonoManager ReloadAssembly
Native extension for WindowsStandalone target not found
Native extension for WebGL target not found
Refreshing native plugins compatible for Editor in 0.40 ms, found 1 plugins.
Preloading 0 native plugins for Editor in 0.00 ms.
Mono: successfully reloaded assembly
- Completed reload, in  0.959 seconds
Platform modules already initialized, skipping
Refreshing native plugins compatible for Editor in 0.33 ms, found 1 plugins.
Preloading 0 native plugins for Editor in 0.00 ms.
Unloading 1804 Unused Serialized files (Serialized files now loaded: 0)
System memory in use before: 88.5 MB.
System memory in use after: 88.4 MB.

Unloading 12 unused Assets to reduce memory usage. Loaded Objects now: 2403.
Total: 2.602800 ms (FindLiveObjects: 0.227600 ms CreateObjectMapping: 0.061700 ms MarkObjects: 2.188600 ms  DeleteObjects: 0.123800 ms)

========================================================================
Received Prepare
Registering precompiled user dll's ...
Registered in 0.000859 seconds.
Begin MonoManager ReloadAssembly
Native extension for WindowsStandalone target not found
Native extension for WebGL target not found
Refreshing native plugins compatible for Editor in 0.65 ms, found 1 plugins.
Preloading 0 native plugins for Editor in 0.00 ms.
Mono: successfully reloaded assembly
- Completed reload, in  1.305 seconds
Platform modules already initialized, skipping
Refreshing native plugins compatible for Editor in 0.71 ms, found 1 plugins.
Preloading 0 native plugins for Editor in 0.00 ms.
Unloading 1804 Unused Serialized files (Serialized files now loaded: 0)
System memory in use before: 88.5 MB.
System memory in use after: 88.5 MB.

Unloading 12 unused Assets to reduce memory usage. Loaded Objects now: 2407.
Total: 4.295700 ms (FindLiveObjects: 0.356000 ms CreateObjectMapping: 0.105300 ms MarkObjects: 3.609900 ms  DeleteObjects: 0.220500 ms)

========================================================================
Received Import Request.
  Time since last request: 132.385845 seconds.
  path: Assets/sprites/Ground.png
  artifactKey: Guid(d1422f83cbe6f94408570c814c96543d) Importer(815301076,1909f56bfc062723c751e8b465ee728b)
Start importing Assets/sprites/Ground.png using Guid(d1422f83cbe6f94408570c814c96543d) Importer(815301076,1909f56bfc062723c751e8b465ee728b)  -> (artifact id: '6ab851c3a4211cba2be8388e6c742247') in 0.090595 seconds
  Import took 0.098253 seconds .

AssetImportWorkerClient::OnTransportError - code=2 error=End of file
